[0.542s] DEBUG:colcon:Command line arguments: ['/usr/bin/colcon', 'build', '--symlink-install']
[0.542s] DEBUG:colcon:Parsed command line arguments: Namespace(log_base=None, log_level=None, verb_name='build', build_base='build', install_base='install', merge_install=False, symlink_install=True, test_result_base=None, continue_on_error=False, executor='parallel', parallel_workers=32, event_handlers=None, ignore_user_meta=False, metas=['./colcon.meta'], base_paths=['.'], packages_ignore=None, packages_ignore_regex=None, paths=None, packages_up_to=None, packages_up_to_regex=None, packages_above=None, packages_above_and_dependencies=None, packages_above_depth=None, packages_select_by_dep=None, packages_skip_by_dep=None, packages_skip_up_to=None, packages_select_build_failed=False, packages_skip_build_finished=False, packages_select_test_failures=False, packages_skip_test_passed=False, packages_select=None, packages_skip=None, packages_select_regex=None, packages_skip_regex=None, packages_start=None, packages_end=None, allow_overriding=[], cmake_args=None, cmake_target=None, cmake_target_skip_unavailable=False, cmake_clean_cache=False, cmake_clean_first=False, cmake_force_configure=False, ament_cmake_args=None, catkin_cmake_args=None, catkin_skip_building_tests=False, mixin_files=None, mixin=None, verb_parser=<colcon_mixin.mixin.mixin_argument.MixinArgumentDecorator object at 0x7ff7e9f7d960>, verb_extension=<colcon_core.verb.build.BuildVerb object at 0x7ff7e9f7d420>, main=<bound method BuildVerb.main of <colcon_core.verb.build.BuildVerb object at 0x7ff7e9f7d420>>, mixin_verb=('build',))
[0.730s] Level 1:colcon.colcon_core.package_discovery:discover_packages(colcon_meta) check parameters
[0.731s] Level 1:colcon.colcon_core.package_discovery:discover_packages(recursive) check parameters
[0.731s] Level 1:colcon.colcon_core.package_discovery:discover_packages(ignore) check parameters
[0.731s] Level 1:colcon.colcon_core.package_discovery:discover_packages(path) check parameters
[0.731s] Level 1:colcon.colcon_core.package_discovery:discover_packages(colcon_meta) discover
[0.731s] Level 1:colcon.colcon_core.package_discovery:discover_packages(recursive) discover
[0.731s] INFO:colcon.colcon_core.package_discovery:Crawling recursively for packages in '/home/trey/robotws/src/botdylan'
[0.731s] Level 1:colcon.colcon_core.package_identification:_identify(.) by extensions ['ignore', 'ignore_ament_install']
[0.731s] Level 1:colcon.colcon_core.package_identification:_identify(.) by extension 'ignore'
[0.731s] Level 1:colcon.colcon_core.package_identification:_identify(.) by extension 'ignore_ament_install'
[0.731s] Level 1:colcon.colcon_core.package_identification:_identify(.) by extensions ['colcon_pkg']
[0.731s] Level 1:colcon.colcon_core.package_identification:_identify(.) by extension 'colcon_pkg'
[0.731s] Level 1:colcon.colcon_core.package_identification:_identify(.) by extensions ['colcon_meta']
[0.731s] Level 1:colcon.colcon_core.package_identification:_identify(.) by extension 'colcon_meta'
[0.731s] Level 1:colcon.colcon_core.package_identification:_identify(.) by extensions ['ros']
[0.731s] Level 1:colcon.colcon_core.package_identification:_identify(.) by extension 'ros'
[0.755s] DEBUG:colcon.colcon_core.package_identification:Package '.' with type 'ros.ament_python' and name 'botdylan'
[0.755s] Level 1:colcon.colcon_core.package_discovery:discover_packages(recursive) using defaults
[0.756s] Level 1:colcon.colcon_core.package_discovery:discover_packages(ignore) discover
[0.756s] Level 1:colcon.colcon_core.package_discovery:discover_packages(ignore) using defaults
[0.756s] Level 1:colcon.colcon_core.package_discovery:discover_packages(path) discover
[0.756s] Level 1:colcon.colcon_core.package_discovery:discover_packages(path) using defaults
[0.780s] Level 1:colcon.colcon_core.package_discovery:discover_packages(prefix_path) check parameters
[0.780s] Level 1:colcon.colcon_core.package_discovery:discover_packages(prefix_path) discover
[0.782s] DEBUG:colcon.colcon_installed_package_information.package_discovery:Found 1 installed packages in /home/trey/robotws/src/botdylan/install
[0.783s] DEBUG:colcon.colcon_installed_package_information.package_discovery:Found 9 installed packages in /home/trey/robotws/install
[0.784s] DEBUG:colcon.colcon_installed_package_information.package_discovery:Found 7 installed packages in /home/trey/install
[0.788s] DEBUG:colcon.colcon_installed_package_information.package_discovery:Found 407 installed packages in /opt/ros/humble
[0.790s] Level 1:colcon.colcon_core.package_discovery:discover_packages(prefix_path) using defaults
[0.830s] Level 5:colcon.colcon_core.verb:set package 'botdylan' build argument 'cmake_args' from command line to 'None'
[0.830s] Level 5:colcon.colcon_core.verb:set package 'botdylan' build argument 'cmake_target' from command line to 'None'
[0.830s] Level 5:colcon.colcon_core.verb:set package 'botdylan' build argument 'cmake_target_skip_unavailable' from command line to 'False'
[0.830s] Level 5:colcon.colcon_core.verb:set package 'botdylan' build argument 'cmake_clean_cache' from command line to 'False'
[0.830s] Level 5:colcon.colcon_core.verb:set package 'botdylan' build argument 'cmake_clean_first' from command line to 'False'
[0.830s] Level 5:colcon.colcon_core.verb:set package 'botdylan' build argument 'cmake_force_configure' from command line to 'False'
[0.830s] Level 5:colcon.colcon_core.verb:set package 'botdylan' build argument 'ament_cmake_args' from command line to 'None'
[0.830s] Level 5:colcon.colcon_core.verb:set package 'botdylan' build argument 'catkin_cmake_args' from command line to 'None'
[0.830s] Level 5:colcon.colcon_core.verb:set package 'botdylan' build argument 'catkin_skip_building_tests' from command line to 'False'
[0.830s] DEBUG:colcon.colcon_core.verb:Building package 'botdylan' with the following arguments: {'ament_cmake_args': None, 'build_base': '/home/trey/robotws/src/botdylan/build/botdylan', 'catkin_cmake_args': None, 'catkin_skip_building_tests': False, 'cmake_args': None, 'cmake_clean_cache': False, 'cmake_clean_first': False, 'cmake_force_configure': False, 'cmake_target': None, 'cmake_target_skip_unavailable': False, 'install_base': '/home/trey/robotws/src/botdylan/install/botdylan', 'merge_install': False, 'path': '/home/trey/robotws/src/botdylan', 'symlink_install': True, 'test_result_base': None}
[0.830s] INFO:colcon.colcon_core.executor:Executing jobs using 'parallel' executor
[0.831s] DEBUG:colcon.colcon_parallel_executor.executor.parallel:run_until_complete
[0.832s] INFO:colcon.colcon_ros.task.ament_python.build:Building ROS package in '/home/trey/robotws/src/botdylan' with build type 'ament_python'
[0.832s] Level 1:colcon.colcon_core.shell:create_environment_hook('botdylan', 'ament_prefix_path')
[0.835s] INFO:colcon.colcon_core.plugin_system:Skipping extension 'colcon_core.shell.bat': Not used on non-Windows systems
[0.835s] INFO:colcon.colcon_core.shell:Creating environment hook '/home/trey/robotws/src/botdylan/install/botdylan/share/botdylan/hook/ament_prefix_path.ps1'
[0.836s] INFO:colcon.colcon_core.shell:Creating environment descriptor '/home/trey/robotws/src/botdylan/install/botdylan/share/botdylan/hook/ament_prefix_path.dsv'
[0.836s] INFO:colcon.colcon_core.shell:Creating environment hook '/home/trey/robotws/src/botdylan/install/botdylan/share/botdylan/hook/ament_prefix_path.sh'
[0.837s] INFO:colcon.colcon_core.shell:Skip shell extension 'powershell' for command environment: Not usable outside of PowerShell
[0.837s] DEBUG:colcon.colcon_core.shell:Skip shell extension 'dsv' for command environment
[1.056s] INFO:colcon.colcon_core.task.python.build:Building Python package in '/home/trey/robotws/src/botdylan'
[1.057s] INFO:colcon.colcon_core.shell:Skip shell extension 'powershell' for command environment: Not usable outside of PowerShell
[1.057s] DEBUG:colcon.colcon_core.shell:Skip shell extension 'dsv' for command environment
[1.293s] DEBUG:colcon.colcon_core.event_handler.log_command:Invoking command in '/home/trey/robotws/src/botdylan/build/botdylan': PYTHONPATH=/home/trey/robotws/src/botdylan/build/botdylan/prefix_override:/usr/lib/python3/dist-packages/colcon_core/task/python/colcon_distutils_commands:/home/trey/robotws/src/botdylan/install/botdylan/lib/python3.10/site-packages:${PYTHONPATH} /usr/bin/python3 -W ignore:setup.py install is deprecated setup.py develop --editable --build-directory /home/trey/robotws/src/botdylan/build/botdylan/build --no-deps symlink_data
[1.741s] Level 1:colcon.colcon_core.shell:create_environment_hook('botdylan', 'pythonpath_develop')
[1.741s] INFO:colcon.colcon_core.shell:Creating environment hook '/home/trey/robotws/src/botdylan/build/botdylan/share/botdylan/hook/pythonpath_develop.ps1'
[1.742s] DEBUG:colcon.colcon_core.event_handler.log_command:Invoked command in '/home/trey/robotws/src/botdylan/build/botdylan' returned '0': PYTHONPATH=/home/trey/robotws/src/botdylan/build/botdylan/prefix_override:/usr/lib/python3/dist-packages/colcon_core/task/python/colcon_distutils_commands:/home/trey/robotws/src/botdylan/install/botdylan/lib/python3.10/site-packages:${PYTHONPATH} /usr/bin/python3 -W ignore:setup.py install is deprecated setup.py develop --editable --build-directory /home/trey/robotws/src/botdylan/build/botdylan/build --no-deps symlink_data
[1.743s] INFO:colcon.colcon_core.shell:Creating environment descriptor '/home/trey/robotws/src/botdylan/build/botdylan/share/botdylan/hook/pythonpath_develop.dsv'
[1.743s] INFO:colcon.colcon_core.shell:Creating environment hook '/home/trey/robotws/src/botdylan/build/botdylan/share/botdylan/hook/pythonpath_develop.sh'
[1.747s] Level 1:colcon.colcon_core.environment:checking '/home/trey/robotws/src/botdylan/install/botdylan' for CMake module files
[1.747s] Level 1:colcon.colcon_core.environment:checking '/home/trey/robotws/src/botdylan/install/botdylan' for CMake config files
[1.748s] Level 1:colcon.colcon_core.environment:checking '/home/trey/robotws/src/botdylan/install/botdylan/lib'
[1.748s] Level 1:colcon.colcon_core.environment:checking '/home/trey/robotws/src/botdylan/install/botdylan/bin'
[1.749s] Level 1:colcon.colcon_core.environment:checking '/home/trey/robotws/src/botdylan/install/botdylan/lib/pkgconfig/botdylan.pc'
[1.749s] Level 1:colcon.colcon_core.environment:checking '/home/trey/robotws/src/botdylan/install/botdylan/lib/python3.10/site-packages'
[1.749s] Level 1:colcon.colcon_core.shell:create_environment_hook('botdylan', 'pythonpath')
[1.749s] INFO:colcon.colcon_core.shell:Creating environment hook '/home/trey/robotws/src/botdylan/install/botdylan/share/botdylan/hook/pythonpath.ps1'
[1.750s] INFO:colcon.colcon_core.shell:Creating environment descriptor '/home/trey/robotws/src/botdylan/install/botdylan/share/botdylan/hook/pythonpath.dsv'
[1.750s] INFO:colcon.colcon_core.shell:Creating environment hook '/home/trey/robotws/src/botdylan/install/botdylan/share/botdylan/hook/pythonpath.sh'
[1.750s] Level 1:colcon.colcon_core.environment:checking '/home/trey/robotws/src/botdylan/install/botdylan/bin'
[1.750s] Level 1:colcon.colcon_core.environment:create_environment_scripts_only(botdylan)
[1.751s] INFO:colcon.colcon_core.shell:Creating package script '/home/trey/robotws/src/botdylan/install/botdylan/share/botdylan/package.ps1'
[1.752s] INFO:colcon.colcon_core.shell:Creating package descriptor '/home/trey/robotws/src/botdylan/install/botdylan/share/botdylan/package.dsv'
[1.752s] INFO:colcon.colcon_core.shell:Creating package script '/home/trey/robotws/src/botdylan/install/botdylan/share/botdylan/package.sh'
[1.753s] INFO:colcon.colcon_core.shell:Creating package script '/home/trey/robotws/src/botdylan/install/botdylan/share/botdylan/package.bash'
[1.753s] INFO:colcon.colcon_core.shell:Creating package script '/home/trey/robotws/src/botdylan/install/botdylan/share/botdylan/package.zsh'
[1.754s] Level 1:colcon.colcon_core.environment:create_file_with_runtime_dependencies(/home/trey/robotws/src/botdylan/install/botdylan/share/colcon-core/packages/botdylan)
[1.754s] DEBUG:colcon.colcon_parallel_executor.executor.parallel:closing loop
[1.754s] DEBUG:colcon.colcon_parallel_executor.executor.parallel:loop closed
[1.755s] DEBUG:colcon.colcon_parallel_executor.executor.parallel:run_until_complete finished with '0'
[1.755s] DEBUG:colcon.colcon_core.event_reactor:joining thread
[2.058s] INFO:colcon.colcon_core.plugin_system:Skipping extension 'colcon_notification.desktop_notification.notify_send': Could not find 'notify-send'
[2.058s] INFO:colcon.colcon_core.plugin_system:Skipping extension 'colcon_notification.desktop_notification.terminal_notifier': Not used on non-Darwin systems
[2.058s] INFO:colcon.colcon_core.plugin_system:Skipping extension 'colcon_notification.desktop_notification.win32': Not used on non-Windows systems
[2.058s] INFO:colcon.colcon_notification.desktop_notification:Sending desktop notification using 'notify2'
[2.061s] DEBUG:colcon.colcon_notification.desktop_notification.notify2:Failed to initialize notify2: org.freedesktop.DBus.Error.ServiceUnknown: The name org.freedesktop.Notifications was not provided by any .service files
[2.061s] DEBUG:colcon.colcon_core.event_reactor:joined thread
[2.062s] INFO:colcon.colcon_core.shell:Creating prefix script '/home/trey/robotws/src/botdylan/install/local_setup.ps1'
[2.063s] INFO:colcon.colcon_core.shell:Creating prefix util module '/home/trey/robotws/src/botdylan/install/_local_setup_util_ps1.py'
[2.064s] INFO:colcon.colcon_core.shell:Creating prefix chain script '/home/trey/robotws/src/botdylan/install/setup.ps1'
[2.066s] INFO:colcon.colcon_core.shell:Creating prefix script '/home/trey/robotws/src/botdylan/install/local_setup.sh'
[2.067s] INFO:colcon.colcon_core.shell:Creating prefix util module '/home/trey/robotws/src/botdylan/install/_local_setup_util_sh.py'
[2.067s] INFO:colcon.colcon_core.shell:Creating prefix chain script '/home/trey/robotws/src/botdylan/install/setup.sh'
[2.069s] INFO:colcon.colcon_core.shell:Creating prefix script '/home/trey/robotws/src/botdylan/install/local_setup.bash'
[2.069s] INFO:colcon.colcon_core.shell:Creating prefix chain script '/home/trey/robotws/src/botdylan/install/setup.bash'
[2.070s] INFO:colcon.colcon_core.shell:Creating prefix script '/home/trey/robotws/src/botdylan/install/local_setup.zsh'
[2.071s] INFO:colcon.colcon_core.shell:Creating prefix chain script '/home/trey/robotws/src/botdylan/install/setup.zsh'
