[0.000000] (-) TimerEvent: {}
[0.003013] (botdylan) JobQueued: {'identifier': 'botdylan', 'dependencies': OrderedDict()}
[0.003263] (botdylan) JobStarted: {'identifier': 'botdylan'}
[0.098302] (-) TimerEvent: {}
[0.201511] (-) TimerEvent: {}
[0.319272] (-) TimerEvent: {}
[0.450857] (-) TimerEvent: {}
[0.555369] (-) TimerEvent: {}
[0.658588] (-) TimerEvent: {}
[0.759402] (-) TimerEvent: {}
[0.870059] (-) TimerEvent: {}
[0.983016] (-) TimerEvent: {}
[1.087123] (-) TimerEvent: {}
[1.207286] (-) TimerEvent: {}
[1.312859] (-) TimerEvent: {}
[1.417762] (-) TimerEvent: {}
[1.535621] (-) TimerEvent: {}
[1.636357] (-) TimerEvent: {}
[1.737527] (-) TimerEvent: {}
[1.838763] (-) TimerEvent: {}
[1.942507] (-) TimerEvent: {}
[2.046204] (-) TimerEvent: {}
[2.147786] (-) TimerEvent: {}
[2.257659] (-) TimerEvent: {}
[2.359307] (-) TimerEvent: {}
[2.460591] (-) TimerEvent: {}
[2.561223] (-) TimerEvent: {}
[2.666768] (-) TimerEvent: {}
[2.768640] (-) TimerEvent: {}
[2.869730] (-) TimerEvent: {}
[2.971833] (-) TimerEvent: {}
[3.072742] (-) TimerEvent: {}
[3.173981] (-) TimerEvent: {}
[3.277003] (-) TimerEvent: {}
[3.286731] (botdylan) StderrLine: {'line': b'Traceback (most recent call last):\n  File "/usr/lib/python3/dist-packages/colcon_core/executor/__init__.py", line 91, in __call__\n    rc = await self.task(*args, **kwargs)\n  File "/usr/lib/python3/dist-packages/colcon_core/task/__init__.py", line 93, in __call__\n    return await task_method(*args, **kwargs)\n  File "/usr/lib/python3/dist-packages/colcon_ros/task/ament_python/build.py", line 102, in build\n    return await extension.build(additional_hooks=additional_hooks)\n  File "/usr/lib/python3/dist-packages/colcon_core/task/python/build.py", line 143, in build\n    temp_symlinks = self._symlinks_in_build(args, setup_py_data)\n  File "/usr/lib/python3/dist-packages/colcon_core/task/python/build.py", line 358, in _symlinks_in_build\n    os.symlink(src, dst)\nPermissionError: [Errno 1] Operation not permitted: \'/media/sf_ME_133a/packages/botdylan/setup.py\' -> \'/media/sf_ME_133a/packages/botdylan/build/botdylan/setup.py\'\n'}
[3.300418] (botdylan) JobEnded: {'identifier': 'botdylan', 'rc': 1}
[3.337743] (-) EventReactorShutdown: {}
