[0.164s] DEBUG:colcon:Command line arguments: ['/usr/bin/colcon', 'build', '--symlink-install']
[0.164s] DEBUG:colcon:Parsed command line arguments: Namespace(log_base=None, log_level=None, verb_name='build', build_base='build', install_base='install', merge_install=False, symlink_install=True, test_result_base=None, continue_on_error=False, executor='parallel', parallel_workers=32, event_handlers=None, ignore_user_meta=False, metas=['./colcon.meta'], base_paths=['.'], packages_ignore=None, packages_ignore_regex=None, paths=None, packages_up_to=None, packages_up_to_regex=None, packages_above=None, packages_above_and_dependencies=None, packages_above_depth=None, packages_select_by_dep=None, packages_skip_by_dep=None, packages_skip_up_to=None, packages_select_build_failed=False, packages_skip_build_finished=False, packages_select_test_failures=False, packages_skip_test_passed=False, packages_select=None, packages_skip=None, packages_select_regex=None, packages_skip_regex=None, packages_start=None, packages_end=None, allow_overriding=[], cmake_args=None, cmake_target=None, cmake_target_skip_unavailable=False, cmake_clean_cache=False, cmake_clean_first=False, cmake_force_configure=False, ament_cmake_args=None, catkin_cmake_args=None, catkin_skip_building_tests=False, mixin_files=None, mixin=None, verb_parser=<colcon_mixin.mixin.mixin_argument.MixinArgumentDecorator object at 0x7fd575381990>, verb_extension=<colcon_core.verb.build.BuildVerb object at 0x7fd575381450>, main=<bound method BuildVerb.main of <colcon_core.verb.build.BuildVerb object at 0x7fd575381450>>, mixin_verb=('build',))
[0.387s] Level 1:colcon.colcon_core.package_discovery:discover_packages(colcon_meta) check parameters
[0.388s] Level 1:colcon.colcon_core.package_discovery:discover_packages(recursive) check parameters
[0.388s] Level 1:colcon.colcon_core.package_discovery:discover_packages(ignore) check parameters
[0.388s] Level 1:colcon.colcon_core.package_discovery:discover_packages(path) check parameters
[0.388s] Level 1:colcon.colcon_core.package_discovery:discover_packages(colcon_meta) discover
[0.388s] Level 1:colcon.colcon_core.package_discovery:discover_packages(recursive) discover
[0.388s] INFO:colcon.colcon_core.package_discovery:Crawling recursively for packages in '/home/trey/robotws/src/botdylan'
[0.388s] Level 1:colcon.colcon_core.package_identification:_identify(.) by extensions ['ignore', 'ignore_ament_install']
[0.388s] Level 1:colcon.colcon_core.package_identification:_identify(.) by extension 'ignore'
[0.388s] Level 1:colcon.colcon_core.package_identification:_identify(.) by extension 'ignore_ament_install'
[0.388s] Level 1:colcon.colcon_core.package_identification:_identify(.) by extensions ['colcon_pkg']
[0.388s] Level 1:colcon.colcon_core.package_identification:_identify(.) by extension 'colcon_pkg'
[0.388s] Level 1:colcon.colcon_core.package_identification:_identify(.) by extensions ['colcon_meta']
[0.388s] Level 1:colcon.colcon_core.package_identification:_identify(.) by extension 'colcon_meta'
[0.388s] Level 1:colcon.colcon_core.package_identification:_identify(.) by extensions ['ros']
[0.388s] Level 1:colcon.colcon_core.package_identification:_identify(.) by extension 'ros'
[0.402s] DEBUG:colcon.colcon_core.package_identification:Package '.' with type 'ros.ament_python' and name 'botdylan'
[0.402s] Level 1:colcon.colcon_core.package_discovery:discover_packages(recursive) using defaults
[0.402s] Level 1:colcon.colcon_core.package_discovery:discover_packages(ignore) discover
[0.402s] Level 1:colcon.colcon_core.package_discovery:discover_packages(ignore) using defaults
[0.402s] Level 1:colcon.colcon_core.package_discovery:discover_packages(path) discover
[0.402s] Level 1:colcon.colcon_core.package_discovery:discover_packages(path) using defaults
[0.419s] Level 1:colcon.colcon_core.package_discovery:discover_packages(prefix_path) check parameters
[0.419s] Level 1:colcon.colcon_core.package_discovery:discover_packages(prefix_path) discover
[0.420s] WARNING:colcon.colcon_core.prefix_path.colcon:The path '/home/trey/robotws/src/botdylan/rviz/install' in the environment variable COLCON_PREFIX_PATH doesn't exist
[0.424s] DEBUG:colcon.colcon_installed_package_information.package_discovery:Found 1 installed packages in /home/trey/robotws/src/botdylan/install
[0.424s] DEBUG:colcon.colcon_installed_package_information.package_discovery:Found 8 installed packages in /home/trey/robotws/install
[0.425s] DEBUG:colcon.colcon_installed_package_information.package_discovery:Found 7 installed packages in /home/trey/install
[0.425s] DEBUG:colcon.colcon_installed_package_information.package_discovery:Found 407 installed packages in /opt/ros/humble
[0.426s] Level 1:colcon.colcon_core.package_discovery:discover_packages(prefix_path) using defaults
[0.450s] Level 5:colcon.colcon_core.verb:set package 'botdylan' build argument 'cmake_args' from command line to 'None'
[0.450s] Level 5:colcon.colcon_core.verb:set package 'botdylan' build argument 'cmake_target' from command line to 'None'
[0.450s] Level 5:colcon.colcon_core.verb:set package 'botdylan' build argument 'cmake_target_skip_unavailable' from command line to 'False'
[0.450s] Level 5:colcon.colcon_core.verb:set package 'botdylan' build argument 'cmake_clean_cache' from command line to 'False'
[0.450s] Level 5:colcon.colcon_core.verb:set package 'botdylan' build argument 'cmake_clean_first' from command line to 'False'
[0.450s] Level 5:colcon.colcon_core.verb:set package 'botdylan' build argument 'cmake_force_configure' from command line to 'False'
[0.450s] Level 5:colcon.colcon_core.verb:set package 'botdylan' build argument 'ament_cmake_args' from command line to 'None'
[0.450s] Level 5:colcon.colcon_core.verb:set package 'botdylan' build argument 'catkin_cmake_args' from command line to 'None'
[0.450s] Level 5:colcon.colcon_core.verb:set package 'botdylan' build argument 'catkin_skip_building_tests' from command line to 'False'
[0.450s] DEBUG:colcon.colcon_core.verb:Building package 'botdylan' with the following arguments: {'ament_cmake_args': None, 'build_base': '/home/trey/robotws/src/botdylan/build/botdylan', 'catkin_cmake_args': None, 'catkin_skip_building_tests': False, 'cmake_args': None, 'cmake_clean_cache': False, 'cmake_clean_first': False, 'cmake_force_configure': False, 'cmake_target': None, 'cmake_target_skip_unavailable': False, 'install_base': '/home/trey/robotws/src/botdylan/install/botdylan', 'merge_install': False, 'path': '/home/trey/robotws/src/botdylan', 'symlink_install': True, 'test_result_base': None}
[0.450s] INFO:colcon.colcon_core.executor:Executing jobs using 'parallel' executor
[0.452s] DEBUG:colcon.colcon_parallel_executor.executor.parallel:run_until_complete
[0.452s] INFO:colcon.colcon_ros.task.ament_python.build:Building ROS package in '/home/trey/robotws/src/botdylan' with build type 'ament_python'
[0.452s] Level 1:colcon.colcon_core.shell:create_environment_hook('botdylan', 'ament_prefix_path')
[0.456s] INFO:colcon.colcon_core.plugin_system:Skipping extension 'colcon_core.shell.bat': Not used on non-Windows systems
[0.456s] INFO:colcon.colcon_core.shell:Creating environment hook '/home/trey/robotws/src/botdylan/install/botdylan/share/botdylan/hook/ament_prefix_path.ps1'
[0.457s] INFO:colcon.colcon_core.shell:Creating environment descriptor '/home/trey/robotws/src/botdylan/install/botdylan/share/botdylan/hook/ament_prefix_path.dsv'
[0.458s] INFO:colcon.colcon_core.shell:Creating environment hook '/home/trey/robotws/src/botdylan/install/botdylan/share/botdylan/hook/ament_prefix_path.sh'
[0.458s] INFO:colcon.colcon_core.shell:Skip shell extension 'powershell' for command environment: Not usable outside of PowerShell
[0.458s] DEBUG:colcon.colcon_core.shell:Skip shell extension 'dsv' for command environment
[0.600s] INFO:colcon.colcon_core.task.python.build:Building Python package in '/home/trey/robotws/src/botdylan'
[0.600s] INFO:colcon.colcon_core.shell:Skip shell extension 'powershell' for command environment: Not usable outside of PowerShell
[0.600s] DEBUG:colcon.colcon_core.shell:Skip shell extension 'dsv' for command environment
[0.892s] DEBUG:colcon.colcon_core.event_handler.log_command:Invoking command in '/home/trey/robotws/src/botdylan/build/botdylan': PYTHONPATH=/home/trey/robotws/src/botdylan/build/botdylan/prefix_override:/usr/lib/python3/dist-packages/colcon_core/task/python/colcon_distutils_commands:/home/trey/robotws/src/botdylan/install/botdylan/lib/python3.10/site-packages:${PYTHONPATH} /usr/bin/python3 -W ignore:setup.py install is deprecated setup.py develop --editable --build-directory /home/trey/robotws/src/botdylan/build/botdylan/build --no-deps symlink_data
[1.138s] Level 1:colcon.colcon_core.shell:create_environment_hook('botdylan', 'pythonpath_develop')
[1.138s] INFO:colcon.colcon_core.shell:Creating environment hook '/home/trey/robotws/src/botdylan/build/botdylan/share/botdylan/hook/pythonpath_develop.ps1'
[1.139s] DEBUG:colcon.colcon_core.event_handler.log_command:Invoked command in '/home/trey/robotws/src/botdylan/build/botdylan' returned '0': PYTHONPATH=/home/trey/robotws/src/botdylan/build/botdylan/prefix_override:/usr/lib/python3/dist-packages/colcon_core/task/python/colcon_distutils_commands:/home/trey/robotws/src/botdylan/install/botdylan/lib/python3.10/site-packages:${PYTHONPATH} /usr/bin/python3 -W ignore:setup.py install is deprecated setup.py develop --editable --build-directory /home/trey/robotws/src/botdylan/build/botdylan/build --no-deps symlink_data
[1.139s] INFO:colcon.colcon_core.shell:Creating environment descriptor '/home/trey/robotws/src/botdylan/build/botdylan/share/botdylan/hook/pythonpath_develop.dsv'
[1.139s] INFO:colcon.colcon_core.shell:Creating environment hook '/home/trey/robotws/src/botdylan/build/botdylan/share/botdylan/hook/pythonpath_develop.sh'
[1.143s] Level 1:colcon.colcon_core.environment:checking '/home/trey/robotws/src/botdylan/install/botdylan' for CMake module files
[1.144s] Level 1:colcon.colcon_core.environment:checking '/home/trey/robotws/src/botdylan/install/botdylan' for CMake config files
[1.145s] Level 1:colcon.colcon_core.environment:checking '/home/trey/robotws/src/botdylan/install/botdylan/lib'
[1.145s] Level 1:colcon.colcon_core.environment:checking '/home/trey/robotws/src/botdylan/install/botdylan/bin'
[1.145s] Level 1:colcon.colcon_core.environment:checking '/home/trey/robotws/src/botdylan/install/botdylan/lib/pkgconfig/botdylan.pc'
[1.145s] Level 1:colcon.colcon_core.environment:checking '/home/trey/robotws/src/botdylan/install/botdylan/lib/python3.10/site-packages'
[1.145s] Level 1:colcon.colcon_core.shell:create_environment_hook('botdylan', 'pythonpath')
[1.145s] INFO:colcon.colcon_core.shell:Creating environment hook '/home/trey/robotws/src/botdylan/install/botdylan/share/botdylan/hook/pythonpath.ps1'
[1.145s] INFO:colcon.colcon_core.shell:Creating environment descriptor '/home/trey/robotws/src/botdylan/install/botdylan/share/botdylan/hook/pythonpath.dsv'
[1.146s] INFO:colcon.colcon_core.shell:Creating environment hook '/home/trey/robotws/src/botdylan/install/botdylan/share/botdylan/hook/pythonpath.sh'
[1.146s] Level 1:colcon.colcon_core.environment:checking '/home/trey/robotws/src/botdylan/install/botdylan/bin'
[1.146s] Level 1:colcon.colcon_core.environment:create_environment_scripts_only(botdylan)
[1.146s] INFO:colcon.colcon_core.shell:Creating package script '/home/trey/robotws/src/botdylan/install/botdylan/share/botdylan/package.ps1'
[1.146s] INFO:colcon.colcon_core.shell:Creating package descriptor '/home/trey/robotws/src/botdylan/install/botdylan/share/botdylan/package.dsv'
[1.147s] INFO:colcon.colcon_core.shell:Creating package script '/home/trey/robotws/src/botdylan/install/botdylan/share/botdylan/package.sh'
[1.147s] INFO:colcon.colcon_core.shell:Creating package script '/home/trey/robotws/src/botdylan/install/botdylan/share/botdylan/package.bash'
[1.148s] INFO:colcon.colcon_core.shell:Creating package script '/home/trey/robotws/src/botdylan/install/botdylan/share/botdylan/package.zsh'
[1.148s] Level 1:colcon.colcon_core.environment:create_file_with_runtime_dependencies(/home/trey/robotws/src/botdylan/install/botdylan/share/colcon-core/packages/botdylan)
[1.148s] DEBUG:colcon.colcon_parallel_executor.executor.parallel:closing loop
[1.148s] DEBUG:colcon.colcon_parallel_executor.executor.parallel:loop closed
[1.148s] DEBUG:colcon.colcon_parallel_executor.executor.parallel:run_until_complete finished with '0'
[1.148s] DEBUG:colcon.colcon_core.event_reactor:joining thread
[1.179s] INFO:colcon.colcon_core.plugin_system:Skipping extension 'colcon_notification.desktop_notification.notify_send': Could not find 'notify-send'
[1.179s] INFO:colcon.colcon_core.plugin_system:Skipping extension 'colcon_notification.desktop_notification.terminal_notifier': Not used on non-Darwin systems
[1.179s] INFO:colcon.colcon_core.plugin_system:Skipping extension 'colcon_notification.desktop_notification.win32': Not used on non-Windows systems
[1.179s] INFO:colcon.colcon_notification.desktop_notification:Sending desktop notification using 'notify2'
[1.180s] DEBUG:colcon.colcon_notification.desktop_notification.notify2:Failed to initialize notify2: org.freedesktop.DBus.Error.ServiceUnknown: The name org.freedesktop.Notifications was not provided by any .service files
[1.180s] DEBUG:colcon.colcon_core.event_reactor:joined thread
[1.181s] INFO:colcon.colcon_core.shell:Creating prefix script '/home/trey/robotws/src/botdylan/install/local_setup.ps1'
[1.181s] INFO:colcon.colcon_core.shell:Creating prefix util module '/home/trey/robotws/src/botdylan/install/_local_setup_util_ps1.py'
[1.182s] INFO:colcon.colcon_core.shell:Creating prefix chain script '/home/trey/robotws/src/botdylan/install/setup.ps1'
[1.183s] INFO:colcon.colcon_core.shell:Creating prefix script '/home/trey/robotws/src/botdylan/install/local_setup.sh'
[1.183s] INFO:colcon.colcon_core.shell:Creating prefix util module '/home/trey/robotws/src/botdylan/install/_local_setup_util_sh.py'
[1.183s] INFO:colcon.colcon_core.shell:Creating prefix chain script '/home/trey/robotws/src/botdylan/install/setup.sh'
[1.184s] INFO:colcon.colcon_core.shell:Creating prefix script '/home/trey/robotws/src/botdylan/install/local_setup.bash'
[1.184s] INFO:colcon.colcon_core.shell:Creating prefix chain script '/home/trey/robotws/src/botdylan/install/setup.bash'
[1.185s] INFO:colcon.colcon_core.shell:Creating prefix script '/home/trey/robotws/src/botdylan/install/local_setup.zsh'
[1.185s] INFO:colcon.colcon_core.shell:Creating prefix chain script '/home/trey/robotws/src/botdylan/install/setup.zsh'
