[0.600s] Invoking command in '/home/trey/robotws/src/botdylan/build/botdylan': PYTHONPATH=/home/trey/robotws/src/botdylan/build/botdylan/prefix_override:/usr/lib/python3/dist-packages/colcon_core/task/python/colcon_distutils_commands:/home/trey/robotws/src/botdylan/install/botdylan/lib/python3.10/site-packages:${PYTHONPATH} /usr/bin/python3 -W ignore:setup.py install is deprecated setup.py develop --editable --build-directory /home/trey/robotws/src/botdylan/build/botdylan/build --no-deps symlink_data --force
[0.767s] running develop
[0.767s] /usr/lib/python3/dist-packages/setuptools/command/easy_install.py:158: EasyInstallDeprecationWarning: easy_install command is deprecated. Use build and pip and other standards-based tools.
[0.767s]   warnings.warn(
[0.879s] running egg_info
[0.879s] writing botdylan.egg-info/PKG-INFO
[0.879s] writing dependency_links to botdylan.egg-info/dependency_links.txt
[0.879s] writing entry points to botdylan.egg-info/entry_points.txt
[0.879s] writing requirements to botdylan.egg-info/requires.txt
[0.879s] writing top-level names to botdylan.egg-info/top_level.txt
[0.880s] reading manifest file 'botdylan.egg-info/SOURCES.txt'
[0.881s] writing manifest file 'botdylan.egg-info/SOURCES.txt'
[0.882s] running build_ext
[0.882s] Creating /home/trey/robotws/src/botdylan/install/botdylan/lib/python3.10/site-packages/botdylan.egg-link (link to .)
[0.883s] 
[0.883s] Installed /home/trey/robotws/src/botdylan/build/botdylan
[0.883s] running symlink_data
[0.883s] symbolically linking /home/trey/robotws/src/botdylan/build/botdylan/resource/botdylan -> /home/trey/robotws/src/botdylan/install/botdylan/share/ament_index/resource_index/packages
[0.883s] symbolically linking /home/trey/robotws/src/botdylan/build/botdylan/package.xml -> /home/trey/robotws/src/botdylan/install/botdylan/share/botdylan
[0.897s] Invoked command in '/home/trey/robotws/src/botdylan/build/botdylan' returned '0': PYTHONPATH=/home/trey/robotws/src/botdylan/build/botdylan/prefix_override:/usr/lib/python3/dist-packages/colcon_core/task/python/colcon_distutils_commands:/home/trey/robotws/src/botdylan/install/botdylan/lib/python3.10/site-packages:${PYTHONPATH} /usr/bin/python3 -W ignore:setup.py install is deprecated setup.py develop --editable --build-directory /home/trey/robotws/src/botdylan/build/botdylan/build --no-deps symlink_data --force
