[0.000000] (-) TimerEvent: {}
[0.000836] (botdylan) JobQueued: {'identifier': 'botdylan', 'dependencies': OrderedDict()}
[0.001393] (botdylan) JobStarted: {'identifier': 'botdylan'}
[0.098248] (-) TimerEvent: {}
[0.201612] (-) TimerEvent: {}
[0.302620] (-) TimerEvent: {}
[0.411381] (-) TimerEvent: {}
[0.550850] (-) TimerEvent: {}
[0.673773] (-) TimerEvent: {}
[0.777443] (-) TimerEvent: {}
[0.878768] (-) TimerEvent: {}
[0.985203] (-) TimerEvent: {}
[1.095355] (-) TimerEvent: {}
[1.200260] (-) TimerEvent: {}
[1.303513] (-) TimerEvent: {}
[1.415321] (-) TimerEvent: {}
[1.541388] (-) TimerEvent: {}
[1.645838] (-) TimerEvent: {}
[1.748580] (-) TimerEvent: {}
[1.849793] (-) TimerEvent: {}
[1.951158] (-) TimerEvent: {}
[2.052839] (-) TimerEvent: {}
[2.168959] (-) TimerEvent: {}
[2.270199] (-) TimerEvent: {}
[2.372538] (-) TimerEvent: {}
[2.473810] (-) TimerEvent: {}
[2.575268] (-) TimerEvent: {}
[2.677136] (-) TimerEvent: {}
[2.778310] (-) TimerEvent: {}
[2.859010] (botdylan) StderrLine: {'line': b'Traceback (most recent call last):\n  File "/usr/lib/python3/dist-packages/colcon_core/executor/__init__.py", line 91, in __call__\n    rc = await self.task(*args, **kwargs)\n  File "/usr/lib/python3/dist-packages/colcon_core/task/__init__.py", line 93, in __call__\n    return await task_method(*args, **kwargs)\n  File "/usr/lib/python3/dist-packages/colcon_ros/task/ament_python/build.py", line 102, in build\n    return await extension.build(additional_hooks=additional_hooks)\n  File "/usr/lib/python3/dist-packages/colcon_core/task/python/build.py", line 143, in build\n    temp_symlinks = self._symlinks_in_build(args, setup_py_data)\n  File "/usr/lib/python3/dist-packages/colcon_core/task/python/build.py", line 358, in _symlinks_in_build\n    os.symlink(src, dst)\nPermissionError: [Errno 1] Operation not permitted: \'/media/sf_ME_133a/packages/botdylan/setup.py\' -> \'/media/sf_ME_133a/packages/botdylan/build/botdylan/setup.py\'\n'}
[2.877365] (botdylan) JobEnded: {'identifier': 'botdylan', 'rc': 1}
[2.888570] (-) TimerEvent: {}
[2.888857] (-) EventReactorShutdown: {}
