[0.000000] (-) TimerEvent: {}
[0.000783] (botdylan) JobQueued: {'identifier': 'botdylan', 'dependencies': OrderedDict()}
[0.001089] (botdylan) JobStarted: {'identifier': 'botdylan'}
[0.097296] (-) TimerEvent: {}
[0.205486] (-) TimerEvent: {}
[0.310391] (-) TimerEvent: {}
[0.411797] (-) TimerEvent: {}
[0.536980] (-) TimerEvent: {}
[0.637955] (-) TimerEvent: {}
[0.739688] (-) TimerEvent: {}
[0.841084] (-) TimerEvent: {}
[0.944361] (-) TimerEvent: {}
[1.047207] (-) TimerEvent: {}
[1.149594] (-) TimerEvent: {}
[1.254667] (-) TimerEvent: {}
[1.356029] (-) TimerEvent: {}
[1.457224] (-) TimerEvent: {}
[1.558655] (-) TimerEvent: {}
[1.659879] (-) TimerEvent: {}
[1.761064] (-) TimerEvent: {}
[1.861860] (-) TimerEvent: {}
[1.963788] (-) TimerEvent: {}
[2.129398] (-) TimerEvent: {}
[2.230651] (-) TimerEvent: {}
[2.332131] (-) TimerEvent: {}
[2.347995] (botdylan) StderrLine: {'line': b'Traceback (most recent call last):\n  File "/usr/lib/python3/dist-packages/colcon_core/executor/__init__.py", line 91, in __call__\n    rc = await self.task(*args, **kwargs)\n  File "/usr/lib/python3/dist-packages/colcon_core/task/__init__.py", line 93, in __call__\n    return await task_method(*args, **kwargs)\n  File "/usr/lib/python3/dist-packages/colcon_ros/task/ament_python/build.py", line 102, in build\n    return await extension.build(additional_hooks=additional_hooks)\n  File "/usr/lib/python3/dist-packages/colcon_core/task/python/build.py", line 143, in build\n    temp_symlinks = self._symlinks_in_build(args, setup_py_data)\n  File "/usr/lib/python3/dist-packages/colcon_core/task/python/build.py", line 358, in _symlinks_in_build\n    os.symlink(src, dst)\nPermissionError: [Errno 1] Operation not permitted: \'/media/sf_ME_133a/packages/botdylan/setup.py\' -> \'/media/sf_ME_133a/packages/botdylan/build/botdylan/setup.py\'\n'}
[2.406490] (botdylan) JobEnded: {'identifier': 'botdylan', 'rc': 1}
[2.433903] (-) TimerEvent: {}
[2.434276] (-) EventReactorShutdown: {}
