[0.000000] (-) TimerEvent: {}
[0.001495] (botdylan) JobQueued: {'identifier': 'botdylan', 'dependencies': OrderedDict()}
[0.002857] (botdylan) JobStarted: {'identifier': 'botdylan'}
[0.103101] (-) TimerEvent: {}
[0.223393] (-) TimerEvent: {}
[0.330723] (-) TimerEvent: {}
[0.459125] (-) TimerEvent: {}
[0.578210] (-) TimerEvent: {}
[0.683969] (-) TimerEvent: {}
[0.785614] (-) TimerEvent: {}
[0.893091] (-) TimerEvent: {}
[1.004484] (-) TimerEvent: {}
[1.105972] (-) TimerEvent: {}
[1.207654] (-) TimerEvent: {}
[1.309837] (-) TimerEvent: {}
[1.411634] (-) TimerEvent: {}
[1.513039] (-) TimerEvent: {}
[1.618003] (-) TimerEvent: {}
[1.721395] (-) TimerEvent: {}
[1.822483] (-) TimerEvent: {}
[1.923988] (-) TimerEvent: {}
[2.025812] (-) TimerEvent: {}
[2.131974] (-) TimerEvent: {}
[2.243849] (-) TimerEvent: {}
[2.346693] (-) TimerEvent: {}
[2.448363] (-) TimerEvent: {}
[2.554661] (-) TimerEvent: {}
[2.656958] (-) TimerEvent: {}
[2.757938] (-) TimerEvent: {}
[2.859328] (-) TimerEvent: {}
[2.960454] (-) TimerEvent: {}
[3.062764] (-) TimerEvent: {}
[3.154016] (botdylan) StderrLine: {'line': b'Traceback (most recent call last):\n  File "/usr/lib/python3/dist-packages/colcon_core/executor/__init__.py", line 91, in __call__\n    rc = await self.task(*args, **kwargs)\n  File "/usr/lib/python3/dist-packages/colcon_core/task/__init__.py", line 93, in __call__\n    return await task_method(*args, **kwargs)\n  File "/usr/lib/python3/dist-packages/colcon_ros/task/ament_python/build.py", line 102, in build\n    return await extension.build(additional_hooks=additional_hooks)\n  File "/usr/lib/python3/dist-packages/colcon_core/task/python/build.py", line 143, in build\n    temp_symlinks = self._symlinks_in_build(args, setup_py_data)\n  File "/usr/lib/python3/dist-packages/colcon_core/task/python/build.py", line 358, in _symlinks_in_build\n    os.symlink(src, dst)\nPermissionError: [Errno 1] Operation not permitted: \'/media/sf_ME_133a/packages/botdylan/setup.py\' -> \'/media/sf_ME_133a/packages/botdylan/build/botdylan/setup.py\'\n'}
[3.169096] (-) TimerEvent: {}
[3.169488] (botdylan) JobEnded: {'identifier': 'botdylan', 'rc': 1}
[3.186352] (-) EventReactorShutdown: {}
