[0.147s] DEBUG:colcon:Command line arguments: ['/usr/bin/colcon', 'build']
[0.148s] DEBUG:colcon:Parsed command line arguments: Namespace(log_base=None, log_level=None, verb_name='build', build_base='build', install_base='install', merge_install=False, symlink_install=False, test_result_base=None, continue_on_error=False, executor='parallel', parallel_workers=8, event_handlers=None, ignore_user_meta=False, metas=['./colcon.meta'], base_paths=['.'], packages_ignore=None, packages_ignore_regex=None, paths=None, packages_up_to=None, packages_up_to_regex=None, packages_above=None, packages_above_and_dependencies=None, packages_above_depth=None, packages_select_by_dep=None, packages_skip_by_dep=None, packages_skip_up_to=None, packages_select_build_failed=False, packages_skip_build_finished=False, packages_select_test_failures=False, packages_skip_test_passed=False, packages_select=None, packages_skip=None, packages_select_regex=None, packages_skip_regex=None, packages_start=None, packages_end=None, allow_overriding=[], cmake_args=None, cmake_target=None, cmake_target_skip_unavailable=False, cmake_clean_cache=False, cmake_clean_first=False, cmake_force_configure=False, ament_cmake_args=None, catkin_cmake_args=None, catkin_skip_building_tests=False, mixin_files=None, mixin=None, verb_parser=<colcon_mixin.mixin.mixin_argument.MixinArgumentDecorator object at 0x7c5c3885ecb0>, verb_extension=<colcon_core.verb.build.BuildVerb object at 0x7c5c389633a0>, main=<bound method BuildVerb.main of <colcon_core.verb.build.BuildVerb object at 0x7c5c389633a0>>, mixin_verb=('build',))
[0.322s] Level 1:colcon.colcon_core.package_discovery:discover_packages(colcon_meta) check parameters
[0.323s] Level 1:colcon.colcon_core.package_discovery:discover_packages(recursive) check parameters
[0.323s] Level 1:colcon.colcon_core.package_discovery:discover_packages(ignore) check parameters
[0.325s] Level 1:colcon.colcon_core.package_discovery:discover_packages(path) check parameters
[0.325s] Level 1:colcon.colcon_core.package_discovery:discover_packages(colcon_meta) discover
[0.326s] Level 1:colcon.colcon_core.package_discovery:discover_packages(recursive) discover
[0.326s] INFO:colcon.colcon_core.package_discovery:Crawling recursively for packages in '/media/sf_ME_133a/packages/botdylan'
[0.328s] Level 1:colcon.colcon_core.package_identification:_identify(.) by extensions ['ignore', 'ignore_ament_install']
[0.328s] Level 1:colcon.colcon_core.package_identification:_identify(.) by extension 'ignore'
[0.331s] Level 1:colcon.colcon_core.package_identification:_identify(.) by extension 'ignore_ament_install'
[0.336s] Level 1:colcon.colcon_core.package_identification:_identify(.) by extensions ['colcon_pkg']
[0.337s] Level 1:colcon.colcon_core.package_identification:_identify(.) by extension 'colcon_pkg'
[0.338s] Level 1:colcon.colcon_core.package_identification:_identify(.) by extensions ['colcon_meta']
[0.338s] Level 1:colcon.colcon_core.package_identification:_identify(.) by extension 'colcon_meta'
[0.338s] Level 1:colcon.colcon_core.package_identification:_identify(.) by extensions ['ros']
[0.338s] Level 1:colcon.colcon_core.package_identification:_identify(.) by extension 'ros'
[0.361s] DEBUG:colcon.colcon_core.package_identification:Package '.' with type 'ros.ament_python' and name 'botdylan'
[0.362s] Level 1:colcon.colcon_core.package_discovery:discover_packages(recursive) using defaults
[0.362s] Level 1:colcon.colcon_core.package_discovery:discover_packages(ignore) discover
[0.362s] Level 1:colcon.colcon_core.package_discovery:discover_packages(ignore) using defaults
[0.362s] Level 1:colcon.colcon_core.package_discovery:discover_packages(path) discover
[0.362s] Level 1:colcon.colcon_core.package_discovery:discover_packages(path) using defaults
[0.385s] Level 1:colcon.colcon_core.package_discovery:discover_packages(prefix_path) check parameters
[0.385s] Level 1:colcon.colcon_core.package_discovery:discover_packages(prefix_path) discover
[0.387s] DEBUG:colcon.colcon_installed_package_information.package_discovery:Found 406 installed packages in /opt/ros/humble
[0.389s] Level 1:colcon.colcon_core.package_discovery:discover_packages(prefix_path) using defaults
[0.435s] Level 5:colcon.colcon_core.verb:set package 'botdylan' build argument 'cmake_args' from command line to 'None'
[0.435s] Level 5:colcon.colcon_core.verb:set package 'botdylan' build argument 'cmake_target' from command line to 'None'
[0.436s] Level 5:colcon.colcon_core.verb:set package 'botdylan' build argument 'cmake_target_skip_unavailable' from command line to 'False'
[0.436s] Level 5:colcon.colcon_core.verb:set package 'botdylan' build argument 'cmake_clean_cache' from command line to 'False'
[0.436s] Level 5:colcon.colcon_core.verb:set package 'botdylan' build argument 'cmake_clean_first' from command line to 'False'
[0.437s] Level 5:colcon.colcon_core.verb:set package 'botdylan' build argument 'cmake_force_configure' from command line to 'False'
[0.437s] Level 5:colcon.colcon_core.verb:set package 'botdylan' build argument 'ament_cmake_args' from command line to 'None'
[0.437s] Level 5:colcon.colcon_core.verb:set package 'botdylan' build argument 'catkin_cmake_args' from command line to 'None'
[0.437s] Level 5:colcon.colcon_core.verb:set package 'botdylan' build argument 'catkin_skip_building_tests' from command line to 'False'
[0.437s] DEBUG:colcon.colcon_core.verb:Building package 'botdylan' with the following arguments: {'ament_cmake_args': None, 'build_base': '/media/sf_ME_133a/packages/botdylan/build/botdylan', 'catkin_cmake_args': None, 'catkin_skip_building_tests': False, 'cmake_args': None, 'cmake_clean_cache': False, 'cmake_clean_first': False, 'cmake_force_configure': False, 'cmake_target': None, 'cmake_target_skip_unavailable': False, 'install_base': '/media/sf_ME_133a/packages/botdylan/install/botdylan', 'merge_install': False, 'path': '/media/sf_ME_133a/packages/botdylan', 'symlink_install': False, 'test_result_base': None}
[0.438s] INFO:colcon.colcon_core.executor:Executing jobs using 'parallel' executor
[0.444s] DEBUG:colcon.colcon_parallel_executor.executor.parallel:run_until_complete
[0.444s] INFO:colcon.colcon_ros.task.ament_python.build:Building ROS package in '/media/sf_ME_133a/packages/botdylan' with build type 'ament_python'
[0.445s] Level 1:colcon.colcon_core.shell:create_environment_hook('botdylan', 'ament_prefix_path')
[0.447s] INFO:colcon.colcon_core.plugin_system:Skipping extension 'colcon_core.shell.bat': Not used on non-Windows systems
[0.448s] INFO:colcon.colcon_core.shell:Creating environment hook '/media/sf_ME_133a/packages/botdylan/install/botdylan/share/botdylan/hook/ament_prefix_path.ps1'
[0.506s] INFO:colcon.colcon_core.shell:Creating environment descriptor '/media/sf_ME_133a/packages/botdylan/install/botdylan/share/botdylan/hook/ament_prefix_path.dsv'
[0.523s] INFO:colcon.colcon_core.shell:Creating environment hook '/media/sf_ME_133a/packages/botdylan/install/botdylan/share/botdylan/hook/ament_prefix_path.sh'
[0.543s] INFO:colcon.colcon_core.shell:Skip shell extension 'powershell' for command environment: Not usable outside of PowerShell
[0.543s] DEBUG:colcon.colcon_core.shell:Skip shell extension 'dsv' for command environment
[1.077s] INFO:colcon.colcon_core.task.python.build:Building Python package in '/media/sf_ME_133a/packages/botdylan'
[1.077s] INFO:colcon.colcon_core.shell:Skip shell extension 'powershell' for command environment: Not usable outside of PowerShell
[1.077s] DEBUG:colcon.colcon_core.shell:Skip shell extension 'dsv' for command environment
[3.483s] DEBUG:colcon.colcon_core.event_handler.log_command:Invoking command in '/media/sf_ME_133a/packages/botdylan': PYTHONPATH=/media/sf_ME_133a/packages/botdylan/build/botdylan/prefix_override:/usr/lib/python3/dist-packages/colcon_core/task/python/colcon_distutils_commands:/media/sf_ME_133a/packages/botdylan/install/botdylan/lib/python3.10/site-packages:${PYTHONPATH} /usr/bin/python3 -W ignore:setup.py install is deprecated setup.py egg_info --egg-base build/botdylan build --build-base /media/sf_ME_133a/packages/botdylan/build/botdylan/build install --record /media/sf_ME_133a/packages/botdylan/build/botdylan/install.log --single-version-externally-managed install_data
[6.441s] Level 1:colcon.colcon_core.environment:checking '/media/sf_ME_133a/packages/botdylan/install/botdylan' for CMake module files
[6.442s] DEBUG:colcon.colcon_core.event_handler.log_command:Invoked command in '/media/sf_ME_133a/packages/botdylan' returned '0': PYTHONPATH=/media/sf_ME_133a/packages/botdylan/build/botdylan/prefix_override:/usr/lib/python3/dist-packages/colcon_core/task/python/colcon_distutils_commands:/media/sf_ME_133a/packages/botdylan/install/botdylan/lib/python3.10/site-packages:${PYTHONPATH} /usr/bin/python3 -W ignore:setup.py install is deprecated setup.py egg_info --egg-base build/botdylan build --build-base /media/sf_ME_133a/packages/botdylan/build/botdylan/build install --record /media/sf_ME_133a/packages/botdylan/build/botdylan/install.log --single-version-externally-managed install_data
[6.543s] Level 1:colcon.colcon_core.environment:checking '/media/sf_ME_133a/packages/botdylan/install/botdylan' for CMake config files
[6.742s] Level 1:colcon.colcon_core.environment:checking '/media/sf_ME_133a/packages/botdylan/install/botdylan/lib'
[6.756s] Level 1:colcon.colcon_core.environment:checking '/media/sf_ME_133a/packages/botdylan/install/botdylan/bin'
[6.758s] Level 1:colcon.colcon_core.environment:checking '/media/sf_ME_133a/packages/botdylan/install/botdylan/lib/pkgconfig/botdylan.pc'
[6.759s] Level 1:colcon.colcon_core.environment:checking '/media/sf_ME_133a/packages/botdylan/install/botdylan/lib/python3.10/site-packages'
[6.766s] Level 1:colcon.colcon_core.shell:create_environment_hook('botdylan', 'pythonpath')
[6.766s] INFO:colcon.colcon_core.shell:Creating environment hook '/media/sf_ME_133a/packages/botdylan/install/botdylan/share/botdylan/hook/pythonpath.ps1'
[6.785s] INFO:colcon.colcon_core.shell:Creating environment descriptor '/media/sf_ME_133a/packages/botdylan/install/botdylan/share/botdylan/hook/pythonpath.dsv'
[6.799s] INFO:colcon.colcon_core.shell:Creating environment hook '/media/sf_ME_133a/packages/botdylan/install/botdylan/share/botdylan/hook/pythonpath.sh'
[6.812s] Level 1:colcon.colcon_core.environment:checking '/media/sf_ME_133a/packages/botdylan/install/botdylan/bin'
[6.814s] Level 1:colcon.colcon_core.environment:create_environment_scripts_only(botdylan)
[6.814s] INFO:colcon.colcon_core.shell:Creating package script '/media/sf_ME_133a/packages/botdylan/install/botdylan/share/botdylan/package.ps1'
[6.824s] INFO:colcon.colcon_core.shell:Creating package descriptor '/media/sf_ME_133a/packages/botdylan/install/botdylan/share/botdylan/package.dsv'
[6.835s] INFO:colcon.colcon_core.shell:Creating package script '/media/sf_ME_133a/packages/botdylan/install/botdylan/share/botdylan/package.sh'
[6.847s] INFO:colcon.colcon_core.shell:Creating package script '/media/sf_ME_133a/packages/botdylan/install/botdylan/share/botdylan/package.bash'
[6.858s] INFO:colcon.colcon_core.shell:Creating package script '/media/sf_ME_133a/packages/botdylan/install/botdylan/share/botdylan/package.zsh'
[6.868s] Level 1:colcon.colcon_core.environment:create_file_with_runtime_dependencies(/media/sf_ME_133a/packages/botdylan/install/botdylan/share/colcon-core/packages/botdylan)
[6.877s] DEBUG:colcon.colcon_parallel_executor.executor.parallel:closing loop
[6.877s] DEBUG:colcon.colcon_parallel_executor.executor.parallel:loop closed
[6.878s] DEBUG:colcon.colcon_parallel_executor.executor.parallel:run_until_complete finished with '0'
[6.878s] DEBUG:colcon.colcon_core.event_reactor:joining thread
[6.953s] INFO:colcon.colcon_core.plugin_system:Skipping extension 'colcon_notification.desktop_notification.terminal_notifier': Not used on non-Darwin systems
[6.954s] INFO:colcon.colcon_core.plugin_system:Skipping extension 'colcon_notification.desktop_notification.win32': Not used on non-Windows systems
[6.954s] INFO:colcon.colcon_notification.desktop_notification:Sending desktop notification using 'notify2'
[6.969s] DEBUG:colcon.colcon_core.event_reactor:joined thread
[6.970s] INFO:colcon.colcon_core.shell:Creating prefix script '/media/sf_ME_133a/packages/botdylan/install/local_setup.ps1'
[7.086s] INFO:colcon.colcon_core.shell:Creating prefix util module '/media/sf_ME_133a/packages/botdylan/install/_local_setup_util_ps1.py'
[7.168s] INFO:colcon.colcon_core.shell:Creating prefix chain script '/media/sf_ME_133a/packages/botdylan/install/setup.ps1'
[7.238s] INFO:colcon.colcon_core.shell:Creating prefix script '/media/sf_ME_133a/packages/botdylan/install/local_setup.sh'
[7.306s] INFO:colcon.colcon_core.shell:Creating prefix util module '/media/sf_ME_133a/packages/botdylan/install/_local_setup_util_sh.py'
[7.368s] INFO:colcon.colcon_core.shell:Creating prefix chain script '/media/sf_ME_133a/packages/botdylan/install/setup.sh'
[7.448s] INFO:colcon.colcon_core.shell:Creating prefix script '/media/sf_ME_133a/packages/botdylan/install/local_setup.bash'
[7.482s] INFO:colcon.colcon_core.shell:Creating prefix chain script '/media/sf_ME_133a/packages/botdylan/install/setup.bash'
[7.533s] INFO:colcon.colcon_core.shell:Creating prefix script '/media/sf_ME_133a/packages/botdylan/install/local_setup.zsh'
[7.545s] INFO:colcon.colcon_core.shell:Creating prefix chain script '/media/sf_ME_133a/packages/botdylan/install/setup.zsh'
