running egg_info
creating build/botdylan/botdylan.egg-info
writing build/botdylan/botdylan.egg-info/PKG-INFO
writing dependency_links to build/botdylan/botdylan.egg-info/dependency_links.txt
writing entry points to build/botdylan/botdylan.egg-info/entry_points.txt
writing requirements to build/botdylan/botdylan.egg-info/requires.txt
writing top-level names to build/botdylan/botdylan.egg-info/top_level.txt
writing manifest file 'build/botdylan/botdylan.egg-info/SOURCES.txt'
reading manifest file 'build/botdylan/botdylan.egg-info/SOURCES.txt'
writing manifest file 'build/botdylan/botdylan.egg-info/SOURCES.txt'
running build
running build_py
creating /media/sf_ME_133a/packages/botdylan/build/botdylan/build
creating /media/sf_ME_133a/packages/botdylan/build/botdylan/build/lib
creating /media/sf_ME_133a/packages/botdylan/build/botdylan/build/lib/botdylan
copying botdylan/test.py -> /media/sf_ME_133a/packages/botdylan/build/botdylan/build/lib/botdylan
copying botdylan/__init__.py -> /media/sf_ME_133a/packages/botdylan/build/botdylan/build/lib/botdylan
running install
running install_lib
creating /media/sf_ME_133a/packages/botdylan/install/botdylan/lib/python3.10/site-packages/botdylan
copying /media/sf_ME_133a/packages/botdylan/build/botdylan/build/lib/botdylan/test.py -> /media/sf_ME_133a/packages/botdylan/install/botdylan/lib/python3.10/site-packages/botdylan
copying /media/sf_ME_133a/packages/botdylan/build/botdylan/build/lib/botdylan/__init__.py -> /media/sf_ME_133a/packages/botdylan/install/botdylan/lib/python3.10/site-packages/botdylan
byte-compiling /media/sf_ME_133a/packages/botdylan/install/botdylan/lib/python3.10/site-packages/botdylan/test.py to test.cpython-310.pyc
byte-compiling /media/sf_ME_133a/packages/botdylan/install/botdylan/lib/python3.10/site-packages/botdylan/__init__.py to __init__.cpython-310.pyc
running install_data
creating /media/sf_ME_133a/packages/botdylan/install/botdylan/share/ament_index
creating /media/sf_ME_133a/packages/botdylan/install/botdylan/share/ament_index/resource_index
creating /media/sf_ME_133a/packages/botdylan/install/botdylan/share/ament_index/resource_index/packages
copying resource/botdylan -> /media/sf_ME_133a/packages/botdylan/install/botdylan/share/ament_index/resource_index/packages
copying package.xml -> /media/sf_ME_133a/packages/botdylan/install/botdylan/share/botdylan
creating /media/sf_ME_133a/packages/botdylan/install/botdylan/share/botdylan/launch
copying launch/botdylan.launch.py -> /media/sf_ME_133a/packages/botdylan/install/botdylan/share/botdylan/launch
creating /media/sf_ME_133a/packages/botdylan/install/botdylan/share/botdylan/urdf
copying urdf/sr_hand_bimanual.urdf -> /media/sf_ME_133a/packages/botdylan/install/botdylan/share/botdylan/urdf
creating /media/sf_ME_133a/packages/botdylan/install/botdylan/share/botdylan/meshes
creating /media/sf_ME_133a/packages/botdylan/install/botdylan/share/botdylan/code
running install_egg_info
Copying build/botdylan/botdylan.egg-info to /media/sf_ME_133a/packages/botdylan/install/botdylan/lib/python3.10/site-packages/botdylan-0.0.0-py3.10.egg-info
running install_scripts
Installing trajectory script to /media/sf_ME_133a/packages/botdylan/install/botdylan/lib/botdylan
writing list of installed files to '/media/sf_ME_133a/packages/botdylan/build/botdylan/install.log'
