[3.036s] Invoking command in '/media/sf_ME_133a/packages/botdylan': PYTHONPATH=/media/sf_ME_133a/packages/botdylan/build/botdylan/prefix_override:/usr/lib/python3/dist-packages/colcon_core/task/python/colcon_distutils_commands:/media/sf_ME_133a/packages/botdylan/install/botdylan/lib/python3.10/site-packages:${PYTHONPATH} /usr/bin/python3 -W ignore:setup.py install is deprecated setup.py egg_info --egg-base build/botdylan build --build-base /media/sf_ME_133a/packages/botdylan/build/botdylan/build install --record /media/sf_ME_133a/packages/botdylan/build/botdylan/install.log --single-version-externally-managed install_data
[4.217s] running egg_info
[4.249s] creating build/botdylan/botdylan.egg-info
[4.277s] writing build/botdylan/botdylan.egg-info/PKG-INFO
[4.295s] writing dependency_links to build/botdylan/botdylan.egg-info/dependency_links.txt
[4.311s] writing entry points to build/botdylan/botdylan.egg-info/entry_points.txt
[4.319s] writing requirements to build/botdylan/botdylan.egg-info/requires.txt
[4.325s] writing top-level names to build/botdylan/botdylan.egg-info/top_level.txt
[4.396s] writing manifest file 'build/botdylan/botdylan.egg-info/SOURCES.txt'
[4.525s] reading manifest file 'build/botdylan/botdylan.egg-info/SOURCES.txt'
[4.626s] writing manifest file 'build/botdylan/botdylan.egg-info/SOURCES.txt'
[4.637s] running build
[4.646s] running build_py
[4.682s] creating /media/sf_ME_133a/packages/botdylan/build/botdylan/build
[4.687s] creating /media/sf_ME_133a/packages/botdylan/build/botdylan/build/lib
[4.689s] creating /media/sf_ME_133a/packages/botdylan/build/botdylan/build/lib/botdylan
[4.699s] copying botdylan/test.py -> /media/sf_ME_133a/packages/botdylan/build/botdylan/build/lib/botdylan
[4.722s] copying botdylan/__init__.py -> /media/sf_ME_133a/packages/botdylan/build/botdylan/build/lib/botdylan
[4.736s] running install
[4.739s] running install_lib
[4.783s] creating /media/sf_ME_133a/packages/botdylan/install/botdylan/lib/python3.10/site-packages/botdylan
[4.807s] copying /media/sf_ME_133a/packages/botdylan/build/botdylan/build/lib/botdylan/test.py -> /media/sf_ME_133a/packages/botdylan/install/botdylan/lib/python3.10/site-packages/botdylan
[4.875s] copying /media/sf_ME_133a/packages/botdylan/build/botdylan/build/lib/botdylan/__init__.py -> /media/sf_ME_133a/packages/botdylan/install/botdylan/lib/python3.10/site-packages/botdylan
[4.953s] byte-compiling /media/sf_ME_133a/packages/botdylan/install/botdylan/lib/python3.10/site-packages/botdylan/test.py to test.cpython-310.pyc
[5.028s] byte-compiling /media/sf_ME_133a/packages/botdylan/install/botdylan/lib/python3.10/site-packages/botdylan/__init__.py to __init__.cpython-310.pyc
[5.104s] running install_data
[5.119s] creating /media/sf_ME_133a/packages/botdylan/install/botdylan/share/ament_index
[5.129s] creating /media/sf_ME_133a/packages/botdylan/install/botdylan/share/ament_index/resource_index
[5.137s] creating /media/sf_ME_133a/packages/botdylan/install/botdylan/share/ament_index/resource_index/packages
[5.152s] copying resource/botdylan -> /media/sf_ME_133a/packages/botdylan/install/botdylan/share/ament_index/resource_index/packages
[5.186s] copying package.xml -> /media/sf_ME_133a/packages/botdylan/install/botdylan/share/botdylan
[5.210s] creating /media/sf_ME_133a/packages/botdylan/install/botdylan/share/botdylan/launch
[5.226s] copying launch/botdylan.launch.py -> /media/sf_ME_133a/packages/botdylan/install/botdylan/share/botdylan/launch
[5.248s] creating /media/sf_ME_133a/packages/botdylan/install/botdylan/share/botdylan/urdf
[5.256s] copying urdf/sr_hand_bimanual.urdf -> /media/sf_ME_133a/packages/botdylan/install/botdylan/share/botdylan/urdf
[5.293s] creating /media/sf_ME_133a/packages/botdylan/install/botdylan/share/botdylan/meshes
[5.323s] creating /media/sf_ME_133a/packages/botdylan/install/botdylan/share/botdylan/code
[5.329s] running install_egg_info
[5.349s] Copying build/botdylan/botdylan.egg-info to /media/sf_ME_133a/packages/botdylan/install/botdylan/lib/python3.10/site-packages/botdylan-0.0.0-py3.10.egg-info
[5.800s] running install_scripts
[5.911s] Installing trajectory script to /media/sf_ME_133a/packages/botdylan/install/botdylan/lib/botdylan
[5.970s] writing list of installed files to '/media/sf_ME_133a/packages/botdylan/build/botdylan/install.log'
[5.994s] Invoked command in '/media/sf_ME_133a/packages/botdylan' returned '0': PYTHONPATH=/media/sf_ME_133a/packages/botdylan/build/botdylan/prefix_override:/usr/lib/python3/dist-packages/colcon_core/task/python/colcon_distutils_commands:/media/sf_ME_133a/packages/botdylan/install/botdylan/lib/python3.10/site-packages:${PYTHONPATH} /usr/bin/python3 -W ignore:setup.py install is deprecated setup.py egg_info --egg-base build/botdylan build --build-base /media/sf_ME_133a/packages/botdylan/build/botdylan/build install --record /media/sf_ME_133a/packages/botdylan/build/botdylan/install.log --single-version-externally-managed install_data
