[0.000000] (-) TimerEvent: {}
[0.000542] (botdylan) JobQueued: {'identifier': 'botdylan', 'dependencies': OrderedDict()}
[0.000768] (botdylan) JobStarted: {'identifier': 'botdylan'}
[0.092868] (-) TimerEvent: {}
[0.199276] (-) TimerEvent: {}
[0.307976] (-) TimerEvent: {}
[0.409184] (-) TimerEvent: {}
[0.509975] (-) TimerEvent: {}
[0.610904] (-) TimerEvent: {}
[0.712920] (-) TimerEvent: {}
[0.819710] (-) TimerEvent: {}
[0.923278] (-) TimerEvent: {}
[1.033336] (-) TimerEvent: {}
[1.134687] (-) TimerEvent: {}
[1.235985] (-) TimerEvent: {}
[1.337390] (-) TimerEvent: {}
[1.443700] (-) TimerEvent: {}
[1.559700] (-) TimerEvent: {}
[1.662257] (-) TimerEvent: {}
[1.770455] (-) TimerEvent: {}
[1.877056] (-) TimerEvent: {}
[1.980211] (-) TimerEvent: {}
[2.087898] (-) TimerEvent: {}
[2.216505] (-) TimerEvent: {}
[2.350221] (-) TimerEvent: {}
[2.486939] (-) TimerEvent: {}
[2.588157] (-) TimerEvent: {}
[2.689744] (-) TimerEvent: {}
[2.791277] (-) TimerEvent: {}
[2.893080] (-) TimerEvent: {}
[2.996101] (-) TimerEvent: {}
[3.096821] (-) TimerEvent: {}
[3.202056] (-) TimerEvent: {}
[3.330777] (-) TimerEvent: {}
[3.334831] (botdylan) StderrLine: {'line': b'Traceback (most recent call last):\n  File "/usr/lib/python3/dist-packages/colcon_core/executor/__init__.py", line 91, in __call__\n    rc = await self.task(*args, **kwargs)\n  File "/usr/lib/python3/dist-packages/colcon_core/task/__init__.py", line 93, in __call__\n    return await task_method(*args, **kwargs)\n  File "/usr/lib/python3/dist-packages/colcon_ros/task/ament_python/build.py", line 102, in build\n    return await extension.build(additional_hooks=additional_hooks)\n  File "/usr/lib/python3/dist-packages/colcon_core/task/python/build.py", line 143, in build\n    temp_symlinks = self._symlinks_in_build(args, setup_py_data)\n  File "/usr/lib/python3/dist-packages/colcon_core/task/python/build.py", line 358, in _symlinks_in_build\n    os.symlink(src, dst)\nPermissionError: [Errno 1] Operation not permitted: \'/media/sf_ME_133a/packages/botdylan/setup.py\' -> \'/media/sf_ME_133a/packages/botdylan/build/botdylan/setup.py\'\n'}
[3.349330] (botdylan) JobEnded: {'identifier': 'botdylan', 'rc': 1}
[3.363561] (-) EventReactorShutdown: {}
