[0.000000] (-) TimerEvent: {}
[0.001049] (botdylan) JobQueued: {'identifier': 'botdylan', 'dependencies': OrderedDict()}
[0.002691] (botdylan) JobStarted: {'identifier': 'botdylan'}
[0.115059] (-) TimerEvent: {}
[0.234700] (-) TimerEvent: {}
[0.348781] (-) TimerEvent: {}
[0.457720] (-) TimerEvent: {}
[0.559002] (-) TimerEvent: {}
[0.662195] (-) TimerEvent: {}
[0.793555] (-) TimerEvent: {}
[0.896878] (-) TimerEvent: {}
[1.006876] (-) TimerEvent: {}
[1.111053] (-) TimerEvent: {}
[1.227712] (-) TimerEvent: {}
[1.336802] (-) TimerEvent: {}
[1.438914] (-) TimerEvent: {}
[1.539896] (-) TimerEvent: {}
[1.643848] (-) TimerEvent: {}
[1.757292] (-) TimerEvent: {}
[1.862132] (-) TimerEvent: {}
[1.966041] (-) TimerEvent: {}
[2.071097] (-) TimerEvent: {}
[2.183001] (-) TimerEvent: {}
[2.295260] (-) TimerEvent: {}
[2.398921] (-) TimerEvent: {}
[2.502660] (-) TimerEvent: {}
[2.634680] (-) TimerEvent: {}
[2.737385] (-) TimerEvent: {}
[2.841844] (-) TimerEvent: {}
[2.943086] (-) TimerEvent: {}
[3.047912] (-) TimerEvent: {}
[3.149404] (-) TimerEvent: {}
[3.277071] (-) TimerEvent: {}
[3.380537] (-) TimerEvent: {}
[3.482540] (-) TimerEvent: {}
[3.584762] (-) TimerEvent: {}
[3.626684] (botdylan) StderrLine: {'line': b'Traceback (most recent call last):\n  File "/usr/lib/python3/dist-packages/colcon_core/executor/__init__.py", line 91, in __call__\n    rc = await self.task(*args, **kwargs)\n  File "/usr/lib/python3/dist-packages/colcon_core/task/__init__.py", line 93, in __call__\n    return await task_method(*args, **kwargs)\n  File "/usr/lib/python3/dist-packages/colcon_ros/task/ament_python/build.py", line 102, in build\n    return await extension.build(additional_hooks=additional_hooks)\n  File "/usr/lib/python3/dist-packages/colcon_core/task/python/build.py", line 143, in build\n    temp_symlinks = self._symlinks_in_build(args, setup_py_data)\n  File "/usr/lib/python3/dist-packages/colcon_core/task/python/build.py", line 358, in _symlinks_in_build\n    os.symlink(src, dst)\nPermissionError: [Errno 1] Operation not permitted: \'/media/sf_ME_133a/packages/botdylan/setup.py\' -> \'/media/sf_ME_133a/packages/botdylan/build/botdylan/setup.py\'\n'}
[3.677447] (botdylan) JobEnded: {'identifier': 'botdylan', 'rc': 1}
[3.694533] (-) TimerEvent: {}
[3.694997] (-) EventReactorShutdown: {}
