[0.000000] (-) TimerEvent: {}
[0.000650] (botdylan) JobQueued: {'identifier': 'botdylan', 'dependencies': OrderedDict()}
[0.002967] (botdylan) JobStarted: {'identifier': 'botdylan'}
[0.097289] (-) TimerEvent: {}
[0.201712] (-) TimerEvent: {}
[0.319629] (-) TimerEvent: {}
[0.421220] (-) TimerEvent: {}
[0.522310] (-) TimerEvent: {}
[0.629197] (-) TimerEvent: {}
[0.730408] (-) TimerEvent: {}
[0.833634] (-) TimerEvent: {}
[0.955562] (-) TimerEvent: {}
[1.056197] (-) TimerEvent: {}
[1.158106] (-) TimerEvent: {}
[1.266984] (-) TimerEvent: {}
[1.368230] (-) TimerEvent: {}
[1.469134] (-) TimerEvent: {}
[1.571840] (-) TimerEvent: {}
[1.673169] (-) TimerEvent: {}
[1.774410] (-) TimerEvent: {}
[1.876597] (-) TimerEvent: {}
[1.978314] (-) TimerEvent: {}
[2.088108] (-) TimerEvent: {}
[2.189185] (-) TimerEvent: {}
[2.289962] (-) TimerEvent: {}
[2.392090] (-) TimerEvent: {}
[2.494693] (-) TimerEvent: {}
[2.599875] (-) TimerEvent: {}
[2.702455] (-) TimerEvent: {}
[2.807942] (-) TimerEvent: {}
[2.910215] (-) TimerEvent: {}
[3.020325] (-) TimerEvent: {}
[3.102527] (botdylan) StderrLine: {'line': b'Traceback (most recent call last):\n  File "/usr/lib/python3/dist-packages/colcon_core/executor/__init__.py", line 91, in __call__\n    rc = await self.task(*args, **kwargs)\n  File "/usr/lib/python3/dist-packages/colcon_core/task/__init__.py", line 93, in __call__\n    return await task_method(*args, **kwargs)\n  File "/usr/lib/python3/dist-packages/colcon_ros/task/ament_python/build.py", line 102, in build\n    return await extension.build(additional_hooks=additional_hooks)\n  File "/usr/lib/python3/dist-packages/colcon_core/task/python/build.py", line 143, in build\n    temp_symlinks = self._symlinks_in_build(args, setup_py_data)\n  File "/usr/lib/python3/dist-packages/colcon_core/task/python/build.py", line 358, in _symlinks_in_build\n    os.symlink(src, dst)\nPermissionError: [Errno 1] Operation not permitted: \'/media/sf_ME_133a/packages/botdylan/setup.py\' -> \'/media/sf_ME_133a/packages/botdylan/build/botdylan/setup.py\'\n'}
[3.123612] (-) TimerEvent: {}
[3.124024] (botdylan) JobEnded: {'identifier': 'botdylan', 'rc': 1}
[3.163355] (-) EventReactorShutdown: {}
