[0.440s] Invoking command in '/home/trey/robotws/src/botdylan/build/botdylan': PYTHONPATH=/home/trey/robotws/src/botdylan/build/botdylan/prefix_override:/usr/lib/python3/dist-packages/colcon_core/task/python/colcon_distutils_commands:/home/trey/robotws/src/botdylan/install/botdylan/lib/python3.10/site-packages:${PYTHONPATH} /usr/bin/python3 -W ignore:setup.py install is deprecated setup.py develop --editable --build-directory /home/trey/robotws/src/botdylan/build/botdylan/build --no-deps symlink_data
[0.576s] running develop
[0.577s] /usr/lib/python3/dist-packages/setuptools/command/easy_install.py:158: EasyInstallDeprecationWarning: easy_install command is deprecated. Use build and pip and other standards-based tools.
[0.577s]   warnings.warn(
[0.669s] running egg_info
[0.669s] writing botdylan.egg-info/PKG-INFO
[0.671s] writing dependency_links to botdylan.egg-info/dependency_links.txt
[0.671s] writing entry points to botdylan.egg-info/entry_points.txt
[0.671s] writing requirements to botdylan.egg-info/requires.txt
[0.672s] writing top-level names to botdylan.egg-info/top_level.txt
[0.672s] reading manifest file 'botdylan.egg-info/SOURCES.txt'
[0.673s] writing manifest file 'botdylan.egg-info/SOURCES.txt'
[0.673s] running build_ext
[0.674s] Creating /home/trey/robotws/src/botdylan/install/botdylan/lib/python3.10/site-packages/botdylan.egg-link (link to .)
[0.674s] Installing trajectory script to /home/trey/robotws/src/botdylan/install/botdylan/lib/botdylan
[0.674s] 
[0.674s] Installed /home/trey/robotws/src/botdylan/build/botdylan
[0.674s] running symlink_data
[0.674s] symbolically linking /home/trey/robotws/src/botdylan/build/botdylan/urdf/guitar.urdf -> /home/trey/robotws/src/botdylan/install/botdylan/share/botdylan/urdf
[0.687s] Invoked command in '/home/trey/robotws/src/botdylan/build/botdylan' returned '0': PYTHONPATH=/home/trey/robotws/src/botdylan/build/botdylan/prefix_override:/usr/lib/python3/dist-packages/colcon_core/task/python/colcon_distutils_commands:/home/trey/robotws/src/botdylan/install/botdylan/lib/python3.10/site-packages:${PYTHONPATH} /usr/bin/python3 -W ignore:setup.py install is deprecated setup.py develop --editable --build-directory /home/trey/robotws/src/botdylan/build/botdylan/build --no-deps symlink_data
