[0.000000] (-) TimerEvent: {}
[0.000918] (botdylan) JobQueued: {'identifier': 'botdylan', 'dependencies': OrderedDict()}
[0.006409] (botdylan) JobStarted: {'identifier': 'botdylan'}
[0.098057] (-) TimerEvent: {}
[0.200924] (-) TimerEvent: {}
[0.301735] (-) TimerEvent: {}
[0.402572] (-) TimerEvent: {}
[0.509262] (-) TimerEvent: {}
[0.610906] (-) TimerEvent: {}
[0.714055] (-) TimerEvent: {}
[0.815997] (-) TimerEvent: {}
[0.923632] (-) TimerEvent: {}
[1.031683] (-) TimerEvent: {}
[1.148917] (-) TimerEvent: {}
[1.250937] (-) TimerEvent: {}
[1.353808] (-) TimerEvent: {}
[1.454905] (-) TimerEvent: {}
[1.556204] (-) TimerEvent: {}
[1.658736] (-) TimerEvent: {}
[1.761219] (-) TimerEvent: {}
[1.862767] (-) TimerEvent: {}
[1.968693] (-) TimerEvent: {}
[2.071742] (-) TimerEvent: {}
[2.174080] (-) TimerEvent: {}
[2.282759] (-) TimerEvent: {}
[2.389899] (-) TimerEvent: {}
[2.500848] (-) TimerEvent: {}
[2.604959] (-) TimerEvent: {}
[2.706746] (-) TimerEvent: {}
[2.811421] (-) TimerEvent: {}
[2.818889] (botdylan) StderrLine: {'line': b'Traceback (most recent call last):\n  File "/usr/lib/python3/dist-packages/colcon_core/executor/__init__.py", line 91, in __call__\n    rc = await self.task(*args, **kwargs)\n  File "/usr/lib/python3/dist-packages/colcon_core/task/__init__.py", line 93, in __call__\n    return await task_method(*args, **kwargs)\n  File "/usr/lib/python3/dist-packages/colcon_ros/task/ament_python/build.py", line 102, in build\n    return await extension.build(additional_hooks=additional_hooks)\n  File "/usr/lib/python3/dist-packages/colcon_core/task/python/build.py", line 143, in build\n    temp_symlinks = self._symlinks_in_build(args, setup_py_data)\n  File "/usr/lib/python3/dist-packages/colcon_core/task/python/build.py", line 358, in _symlinks_in_build\n    os.symlink(src, dst)\nPermissionError: [Errno 1] Operation not permitted: \'/media/sf_ME_133a/packages/botdylan/setup.py\' -> \'/media/sf_ME_133a/packages/botdylan/build/botdylan/setup.py\'\n'}
[2.882517] (botdylan) JobEnded: {'identifier': 'botdylan', 'rc': 1}
[2.896050] (-) EventReactorShutdown: {}
