[4.741s] Invoking command in '/media/sf_ME_133a/packages/botdylan': PYTHONPATH=/media/sf_ME_133a/packages/botdylan/build/botdylan/prefix_override:/usr/lib/python3/dist-packages/colcon_core/task/python/colcon_distutils_commands:/media/sf_ME_133a/packages/botdylan/install/botdylan/lib/python3.10/site-packages:${PYTHONPATH} /usr/bin/python3 -W ignore:setup.py install is deprecated setup.py egg_info --egg-base build/botdylan build --build-base /media/sf_ME_133a/packages/botdylan/build/botdylan/build install --record /media/sf_ME_133a/packages/botdylan/build/botdylan/install.log --single-version-externally-managed install_data
[6.794s] running egg_info
[6.802s] writing build/botdylan/botdylan.egg-info/PKG-INFO
[6.809s] writing dependency_links to build/botdylan/botdylan.egg-info/dependency_links.txt
[6.816s] writing entry points to build/botdylan/botdylan.egg-info/entry_points.txt
[6.823s] writing requirements to build/botdylan/botdylan.egg-info/requires.txt
[6.829s] writing top-level names to build/botdylan/botdylan.egg-info/top_level.txt
[6.861s] reading manifest file 'build/botdylan/botdylan.egg-info/SOURCES.txt'
[6.971s] writing manifest file 'build/botdylan/botdylan.egg-info/SOURCES.txt'
[6.980s] running build
[6.994s] running build_py
[7.062s] running install
[7.068s] running install_lib
[7.249s] running install_data
[7.317s] running install_egg_info
[7.343s] removing '/media/sf_ME_133a/packages/botdylan/install/botdylan/lib/python3.10/site-packages/botdylan-0.0.0-py3.10.egg-info' (and everything under it)
[7.483s] Copying build/botdylan/botdylan.egg-info to /media/sf_ME_133a/packages/botdylan/install/botdylan/lib/python3.10/site-packages/botdylan-0.0.0-py3.10.egg-info
[7.819s] running install_scripts
[8.018s] Installing trajectory script to /media/sf_ME_133a/packages/botdylan/install/botdylan/lib/botdylan
[8.037s] writing list of installed files to '/media/sf_ME_133a/packages/botdylan/build/botdylan/install.log'
[8.066s] Invoked command in '/media/sf_ME_133a/packages/botdylan' returned '0': PYTHONPATH=/media/sf_ME_133a/packages/botdylan/build/botdylan/prefix_override:/usr/lib/python3/dist-packages/colcon_core/task/python/colcon_distutils_commands:/media/sf_ME_133a/packages/botdylan/install/botdylan/lib/python3.10/site-packages:${PYTHONPATH} /usr/bin/python3 -W ignore:setup.py install is deprecated setup.py egg_info --egg-base build/botdylan build --build-base /media/sf_ME_133a/packages/botdylan/build/botdylan/build install --record /media/sf_ME_133a/packages/botdylan/build/botdylan/install.log --single-version-externally-managed install_data
